

*******************************************************************************
Fri Dec 20 16:02:14 2024


FIT:    data read from "plot3.txt"
        format = z
        x range restricted to [1.50000 : 2.50000]
        #datapoints = 10
        residuals are weighted equally (unit weight)

function used for fitting: f3(x)
	f3(x) = a / (sqrt(2. * pi) * c) * exp(-((x - b)**2.) / (2. * c**2.))
fitted parameters initialized with current variable values

iter      chisq       delta/lim  lambda   a             b             c            
   0 7.8083851556e+01   0.00e+00  7.29e+01    6.500000e+00   1.990000e+00   1.314180e-01
   5 5.3580264332e+01  -1.25e-01  7.29e-04    6.434850e+00   1.965572e+00   1.264442e-01

After 5 iterations the fit converged.
final sum of squares of residuals : 53.5803
rel. change during last iteration : -1.24639e-06

degrees of freedom    (FIT_NDF)                        : 7
rms of residuals      (FIT_STDFIT) = sqrt(WSSR/ndf)    : 2.76664
variance of residuals (reduced chisquare) = WSSR/ndf   : 7.65432

Final set of parameters            Asymptotic Standard Error
=======================            ==========================
a               = 6.43485          +/- 0.5962       (9.266%)
b               = 1.96557          +/- 0.01333      (0.678%)
c               = 0.126444         +/- 0.01393      (11.02%)

correlation matrix of the fit parameters:
                a      b      c      
a               1.000 
b              -0.041  1.000 
c               0.609 -0.064  1.000 
