

*******************************************************************************
Fri Dec 20 15:59:00 2024


FIT:    data read from "plot4.txt"
        format = z
        x range restricted to [1.50000 : 2.50000]
        #datapoints = 10
        residuals are weighted equally (unit weight)

function used for fitting: f4(x)
	f4(x) = a / (sqrt(2. * pi) * c) * exp(-((x - b)**2.) / (2. * c**2.))
fitted parameters initialized with current variable values

iter      chisq       delta/lim  lambda   a             b             c            
   0 3.2296844440e+02   0.00e+00  2.85e+02    2.323000e+00   2.076530e+00   3.713320e-02
  15 1.7815430503e+02  -2.55e-01  2.85e-13    1.528016e+00   2.081670e+00   1.528880e-02

After 15 iterations the fit converged.
final sum of squares of residuals : 178.154
rel. change during last iteration : -2.55375e-06

degrees of freedom    (FIT_NDF)                        : 7
rms of residuals      (FIT_STDFIT) = sqrt(WSSR/ndf)    : 5.04486
variance of residuals (reduced chisquare) = WSSR/ndf   : 25.4506

Final set of parameters            Asymptotic Standard Error
=======================            ==========================
a               = 1.52802          +/- 0.2052       (13.43%)
b               = 2.08167          +/- 0.002463     (0.1183%)
c               = 0.0152888        +/- 0.00225      (14.72%)

correlation matrix of the fit parameters:
                a      b      c      
a               1.000 
b              -0.016  1.000 
c               0.587 -0.121  1.000 


*******************************************************************************
Fri Dec 20 16:02:24 2024


FIT:    data read from "plot4.txt"
        format = z
        x range restricted to [1.50000 : 2.50000]
        #datapoints = 10
        residuals are weighted equally (unit weight)

function used for fitting: f4(x)
	f4(x) = a / (sqrt(2. * pi) * c) * exp(-((x - b)**2.) / (2. * c**2.))
fitted parameters initialized with current variable values

iter      chisq       delta/lim  lambda   a             b             c            
   0 3.2296844440e+02   0.00e+00  2.85e+02    2.323000e+00   2.076530e+00   3.713320e-02
  15 1.7815430503e+02  -2.55e-01  2.85e-13    1.528016e+00   2.081670e+00   1.528880e-02

After 15 iterations the fit converged.
final sum of squares of residuals : 178.154
rel. change during last iteration : -2.55375e-06

degrees of freedom    (FIT_NDF)                        : 7
rms of residuals      (FIT_STDFIT) = sqrt(WSSR/ndf)    : 5.04486
variance of residuals (reduced chisquare) = WSSR/ndf   : 25.4506

Final set of parameters            Asymptotic Standard Error
=======================            ==========================
a               = 1.52802          +/- 0.2052       (13.43%)
b               = 2.08167          +/- 0.002463     (0.1183%)
c               = 0.0152888        +/- 0.00225      (14.72%)

correlation matrix of the fit parameters:
                a      b      c      
a               1.000 
b              -0.016  1.000 
c               0.587 -0.121  1.000 
